生成启动时间为 2022/2/28 9:35:39。
     1>项目“C:\Users\deng\Desktop\cmdPck\DemoWin32.vcxproj”在节点 2 上(rebuild 个目标)。
     1>InitializeBuildStatus:
         正在创建“.\Debug\DemoWin32.unsuccessfulbuild”，因为已指定“AlwaysCreate”。
       ClCompile:
         C:\Program Files (x86)\Microsoft Visual Studio 10.0\VC\bin\CL.exe /c /ZI /nologo /W3 /WX- /Od /Oy- /D WIN32 /D _DEBUG /D _WINDOWS /D _USRDLL /D DEMOWIN32_EXPORTS /D _VC80_UPGRADE=0x0600 /D _WINDLL /D _MBCS /Gm /EHsc /RTC1 /MTd /GS /Gy- /fp:precise /Zc:wchar_t /Zc:forScope /Yc"stdafx.h" /Fp".\Debug\DemoWin32.pch" /Fo".\Debug\\" /Fd".\Debug\vc100.pdb" /Gd /TP /analyze- /errorReport:prompt StdAfx.cpp
         StdAfx.cpp
         C:\Program Files (x86)\Microsoft Visual Studio 10.0\VC\bin\CL.exe /c /ZI /nologo /W3 /WX- /Od /Oy- /D WIN32 /D _DEBUG /D _WINDOWS /D _USRDLL /D DEMOWIN32_EXPORTS /D _VC80_UPGRADE=0x0600 /D _WINDLL /D _MBCS /Gm /EHsc /RTC1 /MTd /GS /Gy- /fp:precise /Zc:wchar_t /Zc:forScope /Yu"stdafx.h" /Fp".\Debug\DemoWin32.pch" /Fo".\Debug\\" /Fd".\Debug\vc100.pdb" /Gd /TP /analyze- /errorReport:prompt DemoWin32.cpp PlSql_functions.cpp
         PlSql_functions.cpp
         DemoWin32.cpp
     1>c:\users\deng\desktop\cmdpck\demowin32.cpp(131): warning C4996: 'getenv': This function or variable may be unsafe. Consider using _dupenv_s instead. To disable deprecation, use _CRT_SECURE_NO_WARNINGS. See online help for details.
                 c:\program files (x86)\microsoft visual studio 10.0\vc\include\stdlib.h(433) : 参见“getenv”的声明
         正在生成代码...
       ManifestResourceCompile:
         C:\Program Files (x86)\Microsoft SDKs\Windows\v7.0A\bin\rc.exe /nologo /fo".\Debug\DemoWin32.dll.embed.manifest.res" .\Debug\DemoWin32_manifest.rc 
       Link:
         C:\Program Files (x86)\Microsoft Visual Studio 10.0\VC\bin\link.exe /ERRORREPORT:PROMPT /OUT:".\Debug\DemoWin32.dll" /INCREMENTAL /NOLOGO odbc32.lib odbccp32.lib kernel32.lib user32.lib gdi32.lib winspool.lib comdlg32.lib advapi32.lib shell32.lib ole32.lib oleaut32.lib uuid.lib odbc32.lib odbccp32.lib /MANIFEST /ManifestFile:".\Debug\DemoWin32.dll.intermediate.manifest" /MANIFESTUAC:"level='asInvoker' uiAccess='false'" /DEBUG /PDB:"C:\Users\deng\Desktop\cmdPck\Debug\DemoWin32.pdb" /SUBSYSTEM:CONSOLE /TLBID:1 /DYNAMICBASE /NXCOMPAT /IMPLIB:".\Debug\DemoWin32.lib" /MACHINE:X86 /DLL .\Debug\DemoWin32.dll.embed.manifest.res
         .\Debug\DemoWin32.obj
         .\Debug\PlSql_functions.obj
         .\Debug\StdAfx.obj
            正在创建库 .\Debug\DemoWin32.lib 和对象 .\Debug\DemoWin32.exp
       Manifest:
         正在删除文件“.\Debug\DemoWin32.dll.embed.manifest”。
         C:\Program Files (x86)\Microsoft SDKs\Windows\v7.0A\bin\mt.exe /nologo /verbose /out:".\Debug\DemoWin32.dll.embed.manifest" /manifest .\Debug\DemoWin32.dll.intermediate.manifest
         C:\Program Files (x86)\Microsoft SDKs\Windows\v7.0A\bin\rc.exe /nologo /fo".\Debug\DemoWin32.dll.embed.manifest.res" .\Debug\DemoWin32_manifest.rc 
       LinkEmbedManifest:
         C:\Program Files (x86)\Microsoft Visual Studio 10.0\VC\bin\link.exe /ERRORREPORT:PROMPT /OUT:".\Debug\DemoWin32.dll" /INCREMENTAL /NOLOGO odbc32.lib odbccp32.lib kernel32.lib user32.lib gdi32.lib winspool.lib comdlg32.lib advapi32.lib shell32.lib ole32.lib oleaut32.lib uuid.lib odbc32.lib odbccp32.lib /MANIFEST /ManifestFile:".\Debug\DemoWin32.dll.intermediate.manifest" /MANIFESTUAC:"level='asInvoker' uiAccess='false'" /DEBUG /PDB:"C:\Users\deng\Desktop\cmdPck\Debug\DemoWin32.pdb" /SUBSYSTEM:CONSOLE /TLBID:1 /DYNAMICBASE /NXCOMPAT /IMPLIB:".\Debug\DemoWin32.lib" /MACHINE:X86 /DLL .\Debug\DemoWin32.dll.embed.manifest.res
         .\Debug\DemoWin32.obj
         .\Debug\PlSql_functions.obj
         .\Debug\StdAfx.obj
            正在创建库 .\Debug\DemoWin32.lib 和对象 .\Debug\DemoWin32.exp
         DemoWin32.vcxproj -> C:\Users\deng\Desktop\cmdPck\.\Debug\DemoWin32.dll
       FinalizeBuildStatus:
         正在删除文件“.\Debug\DemoWin32.unsuccessfulbuild”。
         正在对“.\Debug\DemoWin32.lastbuildstate”执行 Touch 任务。
     1>已完成生成项目“C:\Users\deng\Desktop\cmdPck\DemoWin32.vcxproj”(rebuild 个目标)的操作。

生成成功。

已用时间 00:00:11.06
