C:\Users\deng\Desktop\cmdPck\.\Release\CmdPck.dll
C:\Users\deng\Desktop\cmdPck\.\Release\CmdPck.dll.intermediate.manifest
C:\Users\deng\Desktop\cmdPck\Release\cl.command.1.tlog
C:\Users\deng\Desktop\cmdPck\Release\CL.read.1.tlog
C:\Users\deng\Desktop\cmdPck\Release\CL.write.1.tlog
C:\USERS\DENG\DESKTOP\CMDPCK\RELEASE\CMDPCK.DLL
C:\USERS\DENG\DESKTOP\CMDPCK\RELEASE\CMDPCK.DLL.INTERMEDIATE.MANIFEST
C:\Users\deng\Desktop\cmdPck\Release\CmdPck.write.1.tlog
C:\Users\deng\Desktop\cmdPck\Release\DemoWin32.exp
C:\Users\deng\Desktop\cmdPck\Release\DemoWin32.lib
C:\USERS\DENG\DESKTOP\CMDPCK\RELEASE\DEMOWIN32.OBJ
C:\USERS\DENG\DESKTOP\CMDPCK\RELEASE\DEMOWIN32.PCH
C:\Users\deng\Desktop\cmdPck\Release\link.command.1.tlog
C:\Users\deng\Desktop\cmdPck\Release\link.read.1.tlog
C:\Users\deng\Desktop\cmdPck\Release\link.write.1.tlog
C:\Users\deng\Desktop\cmdPck\Release\mt.command.1.tlog
C:\Users\deng\Desktop\cmdPck\Release\mt.read.1.tlog
C:\Users\deng\Desktop\cmdPck\Release\mt.write.1.tlog
C:\USERS\DENG\DESKTOP\CMDPCK\RELEASE\PLSQL_FUNCTIONS.OBJ
C:\USERS\DENG\DESKTOP\CMDPCK\RELEASE\STDAFX.OBJ
C:\USERS\DENG\DESKTOP\CMDPCK\RELEASE\VC100.PDB
