C:\Users\deng\Desktop\cmdPck\Release\cl.command.1.tlog
C:\Users\deng\Desktop\cmdPck\Release\CL.read.1.tlog
C:\Users\deng\Desktop\cmdPck\Release\CL.write.1.tlog
C:\Users\deng\Desktop\cmdPck\Release\cmdPck.write.1.tlog
C:\Users\deng\Desktop\cmdPck\Release\DemoWin32.exp
C:\Users\deng\Desktop\cmdPck\Release\DemoWin32.obj
C:\Users\deng\Desktop\cmdPck\Release\link.command.1.tlog
C:\Users\deng\Desktop\cmdPck\Release\link.read.1.tlog
C:\Users\deng\Desktop\cmdPck\Release\link.write.1.tlog
C:\Users\deng\Desktop\cmdPck\Release\link-cvtres.read.1.tlog
C:\Users\deng\Desktop\cmdPck\Release\link-cvtres.write.1.tlog
C:\Users\deng\Desktop\cmdPck\Release\link-rc.read.1.tlog
C:\Users\deng\Desktop\cmdPck\Release\link-rc.write.1.tlog
C:\Users\deng\Desktop\cmdPck\Release\PlSql_functions.obj
C:\Users\deng\Desktop\cmdPck\Release\StdAfx.obj
C:\Users\deng\Desktop\cmdPck\Release\vc110.pdb
C:\Users\me\Desktop\DemoWin32\Release\DemoWin32.exp
C:\Users\me\Desktop\DemoWin32\Release\DemoWin32.lib
C:\USERS\ME\DESKTOP\DEMOWIN32\RELEASE\DEMOWIN32.OBJ
C:\USERS\ME\DESKTOP\DEMOWIN32\RELEASE\DEMOWIN32.PCH
C:\USERS\ME\DESKTOP\DEMOWIN32\RELEASE\PLSQL_FUNCTIONS.OBJ
C:\USERS\ME\DESKTOP\DEMOWIN32\RELEASE\STDAFX.OBJ
C:\USERS\ME\DESKTOP\DEMOWIN32\RELEASE\VC110.PDB
E:\工作\SOFT\ORACLE\PLSQL DEVELOPER\PLUGINS\CMDPCK.DLL
